app/build/intermediates/manifest_merge_blame_file/debug/processDebugMainManifest/manifest-merger-blame-debug-report.txt
1<?xml version="1.0" encoding="utf-8"?>
2<manifest xmlns:android="http://schemas.android.com/apk/res/android"
3    package="com.example.uiprototypebeta"
4    android:versionCode="1"
5    android:versionName="1.0" >
6
7    <uses-sdk
8        android:minSdkVersion="24"
9        android:targetSdkVersion="36" />
10
11    <permission
11-->[androidx.core:core:1.17.0] AndroidManifest.xml:22:5-24:47
12        android:name="com.example.uiprototypebeta.DYNAMIC_RECEIVER_NOT_EXPORTED_PERMISSION"
12-->[androidx.core:core:1.17.0] AndroidManifest.xml:23:9-81
13        android:protectionLevel="signature" />
13-->[androidx.core:core:1.17.0] AndroidManifest.xml:24:9-44
14
15    <uses-permission android:name="com.example.uiprototypebeta.DYNAMIC_RECEIVER_NOT_EXPORTED_PERMISSION" />
15-->[androidx.core:core:1.17.0] AndroidManifest.xml:26:5-97
15-->[androidx.core:core:1.17.0] AndroidManifest.xml:26:22-94
16
17    <application
17-->src\main\AndroidManifest.xml:5:5-26:19
18        android:appComponentFactory="androidx.core.app.CoreComponentFactory"
18-->[androidx.core:core:1.17.0] AndroidManifest.xml:28:18-86
19        android:debuggable="true"
20        android:extractNativeLibs="false"
21        android:icon="@mipmap/ic_launcher"
21-->src\main\AndroidManifest.xml:8:9-43
22        android:label="@string/app_name"
22-->src\main\AndroidManifest.xml:7:9-41
23        android:testOnly="true"
24        android:theme="@style/Theme.UIPrototype" >
24-->src\main\AndroidManifest.xml:6:9-49
25        <activity
25-->src\main\AndroidManifest.xml:10:9-84
26            android:name="com.example.uiprototypebeta.AdminDashboardActivity"
26-->src\main\AndroidManifest.xml:10:19-57
27            android:exported="false" />
27-->src\main\AndroidManifest.xml:10:58-82
28        <activity
28-->src\main\AndroidManifest.xml:11:9-80
29            android:name="com.example.uiprototypebeta.AdminLoginActivity"
29-->src\main\AndroidManifest.xml:11:19-53
30            android:exported="false" />
30-->src\main\AndroidManifest.xml:11:54-78
31        <activity
31-->src\main\AndroidManifest.xml:12:9-76
32            android:name="com.example.uiprototypebeta.SignUpActivity"
32-->src\main\AndroidManifest.xml:12:19-49
33            android:exported="false" />
33-->src\main\AndroidManifest.xml:12:50-74
34        <activity
34-->src\main\AndroidManifest.xml:13:9-74
35            android:name="com.example.uiprototypebeta.BlogActivity"
35-->src\main\AndroidManifest.xml:13:19-47
36            android:exported="false" />
36-->src\main\AndroidManifest.xml:13:48-72
37        <activity
37-->src\main\AndroidManifest.xml:14:9-80
38            android:name="com.example.uiprototypebeta.BlogDetailActivity"
38-->src\main\AndroidManifest.xml:14:19-53
39            android:exported="false" />
39-->src\main\AndroidManifest.xml:14:54-78
40        <activity
40-->src\main\AndroidManifest.xml:15:9-79
41            android:name="com.example.uiprototypebeta.PortfolioActivity"
41-->src\main\AndroidManifest.xml:15:19-52
42            android:exported="false" />
42-->src\main\AndroidManifest.xml:15:53-77
43        <activity
43-->src\main\AndroidManifest.xml:16:9-77
44            android:name="com.example.uiprototypebeta.BookingActivity"
44-->src\main\AndroidManifest.xml:16:19-50
45            android:exported="false" />
45-->src\main\AndroidManifest.xml:16:51-75
46        <activity
46-->src\main\AndroidManifest.xml:17:9-74
47            android:name="com.example.uiprototypebeta.HomeActivity"
47-->src\main\AndroidManifest.xml:17:19-47
48            android:exported="false" />
48-->src\main\AndroidManifest.xml:17:48-72
49        <activity
49-->src\main\AndroidManifest.xml:18:9-83
50            android:name="com.example.uiprototypebeta.UserDashboardActivity"
50-->src\main\AndroidManifest.xml:18:19-56
51            android:exported="false" />
51-->src\main\AndroidManifest.xml:18:57-81
52        <activity
52-->src\main\AndroidManifest.xml:20:9-25:20
53            android:name="com.example.uiprototypebeta.LoginActivity"
53-->src\main\AndroidManifest.xml:20:19-48
54            android:exported="true" >
54-->src\main\AndroidManifest.xml:20:49-72
55            <intent-filter>
55-->src\main\AndroidManifest.xml:21:13-24:29
56                <action android:name="android.intent.action.MAIN" />
56-->src\main\AndroidManifest.xml:22:17-69
56-->src\main\AndroidManifest.xml:22:25-66
57
58                <category android:name="android.intent.category.LAUNCHER" />
58-->src\main\AndroidManifest.xml:23:17-77
58-->src\main\AndroidManifest.xml:23:27-74
59            </intent-filter>
60        </activity>
61
62        <provider
62-->[androidx.emoji2:emoji2:1.3.0] AndroidManifest.xml:24:9-32:20
63            android:name="androidx.startup.InitializationProvider"
63-->[androidx.emoji2:emoji2:1.3.0] AndroidManifest.xml:25:13-67
64            android:authorities="com.example.uiprototypebeta.androidx-startup"
64-->[androidx.emoji2:emoji2:1.3.0] AndroidManifest.xml:26:13-68
65            android:exported="false" >
65-->[androidx.emoji2:emoji2:1.3.0] AndroidManifest.xml:27:13-37
66            <meta-data
66-->[androidx.emoji2:emoji2:1.3.0] AndroidManifest.xml:29:13-31:52
67                android:name="androidx.emoji2.text.EmojiCompatInitializer"
67-->[androidx.emoji2:emoji2:1.3.0] AndroidManifest.xml:30:17-75
68                android:value="androidx.startup" />
68-->[androidx.emoji2:emoji2:1.3.0] AndroidManifest.xml:31:17-49
69            <meta-data
69-->[androidx.lifecycle:lifecycle-process:2.6.2] AndroidManifest.xml:29:13-31:52
70                android:name="androidx.lifecycle.ProcessLifecycleInitializer"
70-->[androidx.lifecycle:lifecycle-process:2.6.2] AndroidManifest.xml:30:17-78
71                android:value="androidx.startup" />
71-->[androidx.lifecycle:lifecycle-process:2.6.2] AndroidManifest.xml:31:17-49
72            <meta-data
72-->[androidx.profileinstaller:profileinstaller:1.4.0] AndroidManifest.xml:29:13-31:52
73                android:name="androidx.profileinstaller.ProfileInstallerInitializer"
73-->[androidx.profileinstaller:profileinstaller:1.4.0] AndroidManifest.xml:30:17-85
74                android:value="androidx.startup" />
74-->[androidx.profileinstaller:profileinstaller:1.4.0] AndroidManifest.xml:31:17-49
75        </provider>
76
77        <receiver
77-->[androidx.profileinstaller:profileinstaller:1.4.0] AndroidManifest.xml:34:9-52:20
78            android:name="androidx.profileinstaller.ProfileInstallReceiver"
78-->[androidx.profileinstaller:profileinstaller:1.4.0] AndroidManifest.xml:35:13-76
79            android:directBootAware="false"
79-->[androidx.profileinstaller:profileinstaller:1.4.0] AndroidManifest.xml:36:13-44
80            android:enabled="true"
80-->[androidx.profileinstaller:profileinstaller:1.4.0] AndroidManifest.xml:37:13-35
81            android:exported="true"
81-->[androidx.profileinstaller:profileinstaller:1.4.0] AndroidManifest.xml:38:13-36
82            android:permission="android.permission.DUMP" >
82-->[androidx.profileinstaller:profileinstaller:1.4.0] AndroidManifest.xml:39:13-57
83            <intent-filter>
83-->[androidx.profileinstaller:profileinstaller:1.4.0] AndroidManifest.xml:40:13-42:29
84                <action android:name="androidx.profileinstaller.action.INSTALL_PROFILE" />
84-->[androidx.profileinstaller:profileinstaller:1.4.0] AndroidManifest.xml:41:17-91
84-->[androidx.profileinstaller:profileinstaller:1.4.0] AndroidManifest.xml:41:25-88
85            </intent-filter>
86            <intent-filter>
86-->[androidx.profileinstaller:profileinstaller:1.4.0] AndroidManifest.xml:43:13-45:29
87                <action android:name="androidx.profileinstaller.action.SKIP_FILE" />
87-->[androidx.profileinstaller:profileinstaller:1.4.0] AndroidManifest.xml:44:17-85
87-->[androidx.profileinstaller:profileinstaller:1.4.0] AndroidManifest.xml:44:25-82
88            </intent-filter>
89            <intent-filter>
89-->[androidx.profileinstaller:profileinstaller:1.4.0] AndroidManifest.xml:46:13-48:29
90                <action android:name="androidx.profileinstaller.action.SAVE_PROFILE" />
90-->[androidx.profileinstaller:profileinstaller:1.4.0] AndroidManifest.xml:47:17-88
90-->[androidx.profileinstaller:profileinstaller:1.4.0] AndroidManifest.xml:47:25-85
91            </intent-filter>
92            <intent-filter>
92-->[androidx.profileinstaller:profileinstaller:1.4.0] AndroidManifest.xml:49:13-51:29
93                <action android:name="androidx.profileinstaller.action.BENCHMARK_OPERATION" />
93-->[androidx.profileinstaller:profileinstaller:1.4.0] AndroidManifest.xml:50:17-95
93-->[androidx.profileinstaller:profileinstaller:1.4.0] AndroidManifest.xml:50:25-92
94            </intent-filter>
95        </receiver>
96    </application>
97
98</manifest>